Reading netlist file: "C:\Users\Ev\Documents\dual_port_ram\impl\gwsynthesis\dual_port_ram.vg"
Parsing netlist file "C:\Users\Ev\Documents\dual_port_ram\impl\gwsynthesis\dual_port_ram.vg" completed
Processing netlist completed
Reading constraint file: "C:\Users\Ev\Documents\dual_port_ram\src\dual_port_ram.cst"
Physical Constraint parsed completed
Running placement......
[10%] Placement Phase 0 completed
[20%] Placement Phase 1 completed
[30%] Placement Phase 2 completed
[50%] Placement Phase 3 completed
Running routing......
[60%] Routing Phase 0 completed
[70%] Routing Phase 1 completed
[80%] Routing Phase 2 completed
[90%] Routing Phase 3 completed
Running timing analysis......
[95%] Timing analysis completed
Placement and routing completed
Bitstream generation in progress......
Bitstream generation completed
Running power analysis......
[100%] Power analysis completed
Generate file "C:\Users\Ev\Documents\dual_port_ram\impl\pnr\dual_port_ram.power.html" completed
Generate file "C:\Users\Ev\Documents\dual_port_ram\impl\pnr\dual_port_ram.pin.html" completed
Generate file "C:\Users\Ev\Documents\dual_port_ram\impl\pnr\dual_port_ram.rpt.html" completed
Generate file "C:\Users\Ev\Documents\dual_port_ram\impl\pnr\dual_port_ram.rpt.txt" completed
Generate file "C:\Users\Ev\Documents\dual_port_ram\impl\pnr\dual_port_ram.tr.html" completed
Sat Apr 15 15:39:05 2023

