GowinSynthesis start
Running parser ...
Analyzing Verilog file 'C:\Users\Ev\Documents\dual_port_ram\src\ram.v'
Compiling module 'dual_port_ram'("C:\Users\Ev\Documents\dual_port_ram\src\ram.v":1)
Extracting RAM for identifier 'mem'("C:\Users\Ev\Documents\dual_port_ram\src\ram.v":16)
WARN  (EX3791) : Expression size 32 truncated to fit in target size 16("C:\Users\Ev\Documents\dual_port_ram\src\ram.v":28)
NOTE  (EX0101) : Current top module is "dual_port_ram"
[5%] Running netlist conversion ...
Running device independent optimization ...
[10%] Optimizing Phase 0 completed
[15%] Optimizing Phase 1 completed
[25%] Optimizing Phase 2 completed
Running inference ...
[30%] Inferring Phase 0 completed
[40%] Inferring Phase 1 completed
[50%] Inferring Phase 2 completed
[55%] Inferring Phase 3 completed
Running technical mapping ...
[60%] Tech-Mapping Phase 0 completed
[65%] Tech-Mapping Phase 1 completed
[75%] Tech-Mapping Phase 2 completed
[80%] Tech-Mapping Phase 3 completed
[90%] Tech-Mapping Phase 4 completed
[95%] Generate netlist file "C:\Users\Ev\Documents\dual_port_ram\impl\gwsynthesis\dual_port_ram.vg" completed
[100%] Generate report file "C:\Users\Ev\Documents\dual_port_ram\impl\gwsynthesis\dual_port_ram_syn.rpt.html" completed
GowinSynthesis finish
